{"logTime": "0827/192816", "correlationVector":"KMeW4uWoOw3yGPhtzlKWRd.1","action":"SyncServerConnectionManagerRequest", "result":"SYNC_SERVER_OK", "context":{"environment":"Prod_WestEurope_000l", "migrationStage":"NotStarted", "server":"general01000008"}}
{"logTime": "0827/192816", "correlationVector":"cQFbhmT3FkBvVtC8pN3jG4.0","action":"FeedSettingFetch_homeCloud", "result":"0", "context":{}}
{"logTime": "0827/192816", "correlationVector":"KMeW4uWoOw3yGPhtzlKWRd","action":"Initial GetUpdates", "result":"", "context":Reason: NEW_CLIENT. cV=KMeW4uWoOw3yGPhtzlKWRd}
{"logTime": "0827/192816", "correlationVector":"KMeW4uWoOw3yGPhtzlKWRd.2","action":"GetUpdates Response", "result":"SYNCER_OK", "context":Received 1 update(s). cV=KMeW4uWoOw3yGPhtzlKWRd.0;server=general01000008;cloudType=Consumer;environment=Prod_WestEurope_000l;migrationStage=NotStarted}
{"logTime": "0827/192817", "correlationVector":"spj786RD2CYU4oES+9tiQq","action":"Initial GetUpdates", "result":"", "context":Reason: NEW_CLIENT. cV=spj786RD2CYU4oES+9tiQq}
{"logTime": "0827/192817", "correlationVector":"spj786RD2CYU4oES+9tiQq.1","action":"SyncServerConnectionManagerRequest", "result":"SYNC_SERVER_OK", "context":{"environment":"Prod_WestEurope_000l", "migrationStage":"NotStarted", "server":"general0100000P"}}
{"logTime": "0827/192817", "correlationVector":"spj786RD2CYU4oES+9tiQq.2","action":"GetUpdates Response", "result":"SYNCER_OK", "context":Received 4 update(s). cV=spj786RD2CYU4oES+9tiQq.0;server=general0100000P;cloudType=Consumer;environment=Prod_WestEurope_000l;migrationStage=NotStarted}
{"logTime": "0827/192817", "correlationVector":"NmEdQYOogQ+hkp8hLG27PF","action":"SyncServerConnectionManagerRequest", "result":"SYNC_SERVER_OK", "context":{"environment":"", "migrationStage":"", "server":""}}
{"logTime": "0827/192817", "correlationVector":"Cz+VcA9Q4OQfEcPZApnfif","action":"Normal GetUpdate request", "result":"", "context":cV=Cz+VcA9Q4OQfEcPZApnfif
Nudged types: Device Info, User Consents
Refresh requested types: Device Info, User Consents, Send Tab To Self, Encryption Keys}
{"logTime": "0827/192817", "correlationVector":"Cz+VcA9Q4OQfEcPZApnfif.1","action":"SyncServerConnectionManagerRequest", "result":"SYNC_SERVER_OK", "context":{"environment":"Prod_WestEurope_000l", "migrationStage":"NotStarted", "server":"general0100001D"}}
{"logTime": "0827/192817", "correlationVector":"Cz+VcA9Q4OQfEcPZApnfif.2","action":"GetUpdates Response", "result":"SYNCER_OK", "context":Received 0 update(s). cV=Cz+VcA9Q4OQfEcPZApnfif.0;server=general0100001D;cloudType=Consumer;environment=Prod_WestEurope_000l;migrationStage=NotStarted}
{"logTime": "0827/192817", "correlationVector":"lf5jQi7hILSwTe71Pk3rdq","action":"Commit Request", "result":"", "context":Item count: 1
Contributing types: Device Info}
{"logTime": "0827/192817", "correlationVector":"lf5jQi7hILSwTe71Pk3rdq.1","action":"SyncServerConnectionManagerRequest", "result":"SYNC_SERVER_OK", "context":{"environment":"Prod_WestEurope_000l", "migrationStage":"NotStarted", "server":"general0100000M"}}
{"logTime": "0827/192818", "correlationVector":"lf5jQi7hILSwTe71Pk3rdq.2","action":"Commit Response", "result":"SYNCER_OK", "context":Result: SYNCER_OK. cV=lf5jQi7hILSwTe71Pk3rdq.0;server=general0100000M;cloudType=Consumer;environment=Prod_WestEurope_000l;migrationStage=NotStarted}
{"logTime": "0827/192818", "correlationVector":"ChdH7XQCaPVrofyT4ptnwa","action":"Commit Request", "result":"", "context":Item count: 2
Contributing types: User Consents}
{"logTime": "0827/192818", "correlationVector":"ChdH7XQCaPVrofyT4ptnwa.1","action":"SyncServerConnectionManagerRequest", "result":"SYNC_SERVER_OK", "context":{"environment":"Prod_WestEurope_000l", "migrationStage":"NotStarted", "server":"general01000023"}}
{"logTime": "0827/192818", "correlationVector":"ChdH7XQCaPVrofyT4ptnwa.2","action":"Commit Response", "result":"SYNCER_OK", "context":Result: SYNCER_OK. cV=ChdH7XQCaPVrofyT4ptnwa.0;server=general01000023;cloudType=Consumer;environment=Prod_WestEurope_000l;migrationStage=NotStarted}
{"logTime": "0827/192818", "correlationVector":"gDBvf5vmbbUseWsQfd/ihd","action":"Normal GetUpdate request", "result":"", "context":cV=gDBvf5vmbbUseWsQfd/ihd
Nudged types: Device Info
Refresh requested types: Device Info, User Consents, Send Tab To Self, Encryption Keys}
{"logTime": "0827/192818", "correlationVector":"gDBvf5vmbbUseWsQfd/ihd.1","action":"SyncServerConnectionManagerRequest", "result":"SYNC_SERVER_OK", "context":{"environment":"Prod_WestEurope_000l", "migrationStage":"NotStarted", "server":"general01000014"}}
{"logTime": "0827/192818", "correlationVector":"gDBvf5vmbbUseWsQfd/ihd.2","action":"GetUpdates Response", "result":"SYNCER_OK", "context":Received 1 update(s). cV=gDBvf5vmbbUseWsQfd/ihd.0;server=general01000014;cloudType=Consumer;environment=Prod_WestEurope_000l;migrationStage=NotStarted}
{"logTime": "0827/200059", "correlationVector":"rZtqnuXXrJVRjbDRAvqPdx.0","action":"FeedSettingFetch_homeCloud", "result":"0", "context":{}}
{"logTime": "0827/200059", "correlationVector":"58dXQKtTYDc70D6XFaDmXH.1","action":"SyncServerConnectionManagerRequest", "result":"SYNC_SERVER_OK", "context":{"environment":"Prod_WestEurope_x00e", "migrationStage":"NotStarted", "server":"general01000026"}}
{"logTime": "0827/200059", "correlationVector":"58dXQKtTYDc70D6XFaDmXH","action":"Initial GetUpdates", "result":"", "context":Reason: NEW_CLIENT. cV=58dXQKtTYDc70D6XFaDmXH}
{"logTime": "0827/200059", "correlationVector":"58dXQKtTYDc70D6XFaDmXH.2","action":"GetUpdates Response", "result":"SYNCER_OK", "context":Received 1 update(s). cV=58dXQKtTYDc70D6XFaDmXH.0;server=general01000026;cloudType=Consumer;environment=Prod_WestEurope_x00e;migrationStage=NotStarted}
{"logTime": "0827/200059", "correlationVector":"JW8/j69rYPkRnaZjOQrJix","action":"Normal GetUpdate request", "result":"", "context":cV=JW8/j69rYPkRnaZjOQrJix
Nudged types: User Consents
Refresh requested types: Device Info, User Consents, Send Tab To Self, Encryption Keys}
{"logTime": "0827/200059", "correlationVector":"JW8/j69rYPkRnaZjOQrJix.1","action":"SyncServerConnectionManagerRequest", "result":"SYNC_SERVER_OK", "context":{"environment":"Prod_WestEurope_x00e", "migrationStage":"NotStarted", "server":"GENERAL0100000E"}}
{"logTime": "0827/200059", "correlationVector":"JW8/j69rYPkRnaZjOQrJix.2","action":"GetUpdates Response", "result":"SYNCER_OK", "context":Received 0 update(s). cV=JW8/j69rYPkRnaZjOQrJix.0;server=GENERAL0100000E;cloudType=Consumer;environment=Prod_WestEurope_x00e;migrationStage=NotStarted}
{"logTime": "0827/200059", "correlationVector":"B2K6lzIhGq4S/zB6Y0FEn+","action":"Commit Request", "result":"", "context":Item count: 1
Contributing types: User Consents}
{"logTime": "0827/200059", "correlationVector":"B2K6lzIhGq4S/zB6Y0FEn+.1","action":"SyncServerConnectionManagerRequest", "result":"SYNC_SERVER_OK", "context":{"environment":"Prod_WestEurope_x00e", "migrationStage":"NotStarted", "server":"GENERAL01000029"}}
{"logTime": "0827/200059", "correlationVector":"B2K6lzIhGq4S/zB6Y0FEn+.2","action":"Commit Response", "result":"SYNCER_OK", "context":Result: SYNCER_OK. cV=B2K6lzIhGq4S/zB6Y0FEn+.0;server=GENERAL01000029;cloudType=Consumer;environment=Prod_WestEurope_x00e;migrationStage=NotStarted}
{"logTime": "0827/200100", "correlationVector":"yDxtoOJYoCPwrFAm7fUfR+","action":"SyncServerConnectionManagerRequest", "result":"SYNC_SERVER_OK", "context":{"environment":"", "migrationStage":"", "server":""}}
{"logTime": "0827/200100", "correlationVector":"036cTp1NCgkopYNOCyBJtX","action":"Initial GetUpdates", "result":"", "context":Reason: RECONFIGURATION. cV=036cTp1NCgkopYNOCyBJtX}
{"logTime": "0827/200100", "correlationVector":"036cTp1NCgkopYNOCyBJtX.1","action":"SyncServerConnectionManagerRequest", "result":"SYNC_SERVER_OK", "context":{"environment":"Prod_WestEurope_x00e", "migrationStage":"NotStarted", "server":"GENERAL01000020"}}
{"logTime": "0827/200100", "correlationVector":"036cTp1NCgkopYNOCyBJtX.2","action":"GetUpdates Response", "result":"SYNCER_OK", "context":Received 32 update(s). cV=036cTp1NCgkopYNOCyBJtX.0;server=GENERAL01000020;cloudType=Consumer;environment=Prod_WestEurope_x00e;migrationStage=NotStarted}
{"logTime": "0827/200100", "correlationVector":"Ib4ViPAV/XRfr+WZ2gW2oh","action":"Initial GetUpdates", "result":"", "context":Reason: NEWLY_SUPPORTED_DATATYPE. cV=Ib4ViPAV/XRfr+WZ2gW2oh}
{"logTime": "0827/200100", "correlationVector":"Ib4ViPAV/XRfr+WZ2gW2oh.1","action":"SyncServerConnectionManagerRequest", "result":"SYNC_SERVER_OK", "context":{"environment":"Prod_WestEurope_x00e", "migrationStage":"NotStarted", "server":"general0100000O"}}
{"logTime": "0827/200100", "correlationVector":"Ib4ViPAV/XRfr+WZ2gW2oh.2","action":"GetUpdates Response", "result":"SYNCER_OK", "context":Received 5 update(s). cV=Ib4ViPAV/XRfr+WZ2gW2oh.0;server=general0100000O;cloudType=Consumer;environment=Prod_WestEurope_x00e;migrationStage=NotStarted}
{"logTime": "0827/200100", "correlationVector":"RPT3AVhJkY3qJUnvBESxXT","action":"Initial GetUpdates", "result":"", "context":Reason: NEWLY_SUPPORTED_DATATYPE. cV=RPT3AVhJkY3qJUnvBESxXT}
{"logTime": "0827/200100", "correlationVector":"RPT3AVhJkY3qJUnvBESxXT.1","action":"SyncServerConnectionManagerRequest", "result":"SYNC_SERVER_OK", "context":{"environment":"Prod_WestEurope_x00e", "migrationStage":"NotStarted", "server":"general0100000G"}}
{"logTime": "0827/200100", "correlationVector":"RPT3AVhJkY3qJUnvBESxXT.2","action":"GetUpdates", "result":"DeleteReceived", "context":{"id":"e69ac79d-5c15-4deb-a568-6458f44ac705", "isDeleted:":"true", "version":"1691592310257"}}
{"logTime": "0827/200100", "correlationVector":"RPT3AVhJkY3qJUnvBESxXT.3","action":"GetUpdates", "result":"DeleteReceived", "context":{"id":"f6c0e405-2d30-4c5e-a131-1ae701d49cd0", "isDeleted:":"true", "version":"1691649991218"}}
{"logTime": "0827/200100", "correlationVector":"RPT3AVhJkY3qJUnvBESxXT.4","action":"GetUpdates", "result":"DeleteReceived", "context":{"id":"87f37f35-9294-40b8-9c6a-db5bbc6f7354", "isDeleted:":"true", "version":"1691679675430"}}
{"logTime": "0827/200100", "correlationVector":"RPT3AVhJkY3qJUnvBESxXT.5","action":"GetUpdates", "result":"DeleteReceived", "context":{"id":"e6d9befa-3b46-4ea0-8efe-12781ff36997", "isDeleted:":"true", "version":"1691756077737"}}
{"logTime": "0827/200100", "correlationVector":"RPT3AVhJkY3qJUnvBESxXT.6","action":"GetUpdates", "result":"DeleteReceived", "context":{"id":"43ab2a5d-997d-4ec0-9952-a388098978fd", "isDeleted:":"true", "version":"1692011865544"}}
{"logTime": "0827/200100", "correlationVector":"RPT3AVhJkY3qJUnvBESxXT.7","action":"GetUpdates", "result":"DeleteReceived", "context":{"id":"44117949-5238-4f04-b583-01055b02272f", "isDeleted:":"true", "version":"1692012577938"}}
{"logTime": "0827/200100", "correlationVector":"RPT3AVhJkY3qJUnvBESxXT.8","action":"GetUpdates", "result":"DeleteReceived", "context":{"id":"cd6f5ee5-5a7e-4b4d-bf66-c2fd00a5162a", "isDeleted:":"true", "version":"1692019619200"}}
{"logTime": "0827/200100", "correlationVector":"RPT3AVhJkY3qJUnvBESxXT.9","action":"GetUpdates", "result":"DeleteReceived", "context":{"id":"2a6c2d78-7ec8-4eb9-8922-9437a91a3cd7", "isDeleted:":"true", "version":"1692021455786"}}
{"logTime": "0827/200100", "correlationVector":"RPT3AVhJkY3qJUnvBESxXT.10","action":"GetUpdates", "result":"DeleteReceived", "context":{"id":"3479f732-a25c-454f-b6d1-13ed4c2d9163", "isDeleted:":"true", "version":"1692087601650"}}
{"logTime": "0827/200100", "correlationVector":"RPT3AVhJkY3qJUnvBESxXT.11","action":"GetUpdates", "result":"DeleteReceived", "context":{"id":"0e5b975d-e2cb-4e31-a86d-76321f0ca66d", "isDeleted:":"true", "version":"1692522704992"}}
{"logTime": "0827/200100", "correlationVector":"RPT3AVhJkY3qJUnvBESxXT.12","action":"GetUpdates", "result":"DeleteReceived", "context":{"id":"add0ed51-e5a0-4e2b-a3fd-0cff1484f8da", "isDeleted:":"true", "version":"1692542845567"}}
{"logTime": "0827/200100", "correlationVector":"RPT3AVhJkY3qJUnvBESxXT.13","action":"GetUpdates", "result":"DeleteReceived", "context":{"id":"fc726a4c-4e67-4381-9e37-20210b0ebbe9", "isDeleted:":"true", "version":"1692605800755"}}
{"logTime": "0827/200100", "correlationVector":"RPT3AVhJkY3qJUnvBESxXT.14","action":"GetUpdates", "result":"DeleteReceived", "context":{"id":"9a6d7d9d-7c23-4208-8577-71fd5f52880b", "isDeleted:":"true", "version":"1692605838157"}}
{"logTime": "0827/200100", "correlationVector":"RPT3AVhJkY3qJUnvBESxXT.15","action":"GetUpdates", "result":"DeleteReceived", "context":{"id":"24bcd180-1b32-4826-ade7-685bd034131a", "isDeleted:":"true", "version":"1692605933138"}}
{"logTime": "0827/200100", "correlationVector":"RPT3AVhJkY3qJUnvBESxXT.16","action":"GetUpdates", "result":"DeleteReceived", "context":{"id":"b2f7981b-00e0-4733-8613-0c7b0bfa1282", "isDeleted:":"true", "version":"1692605973681"}}
{"logTime": "0827/200100", "correlationVector":"RPT3AVhJkY3qJUnvBESxXT.17","action":"GetUpdates", "result":"DeleteReceived", "context":{"id":"d531e109-f2d6-4fea-a291-07793e10b77c", "isDeleted:":"true", "version":"1692606070473"}}
{"logTime": "0827/200100", "correlationVector":"RPT3AVhJkY3qJUnvBESxXT.18","action":"GetUpdates", "result":"DeleteReceived", "context":{"id":"6cd284f7-664b-4d4b-8766-6c5582a09095", "isDeleted:":"true", "version":"1692606070474"}}
{"logTime": "0827/200100", "correlationVector":"RPT3AVhJkY3qJUnvBESxXT.19","action":"GetUpdates", "result":"DeleteReceived", "context":{"id":"d99caf36-11f3-4e46-9667-a90b10f14cb1", "isDeleted:":"true", "version":"1692606070475"}}
{"logTime": "0827/200100", "correlationVector":"RPT3AVhJkY3qJUnvBESxXT.20","action":"GetUpdates", "result":"DeleteReceived", "context":{"id":"4ca04593-c817-4b9f-b556-cce75e1a0323", "isDeleted:":"true", "version":"1692606318957"}}
{"logTime": "0827/200100", "correlationVector":"RPT3AVhJkY3qJUnvBESxXT.21","action":"GetUpdates", "result":"DeleteReceived", "context":{"id":"80d8ae06-6a63-425d-8059-0f2bd5317653", "isDeleted:":"true", "version":"1692614899100"}}
{"logTime": "0827/200100", "correlationVector":"RPT3AVhJkY3qJUnvBESxXT.22","action":"GetUpdates", "result":"DeleteReceived", "context":{"id":"1ab9c9f6-e9ae-4105-a8ed-5ca10600a0bb", "isDeleted:":"true", "version":"1692618098561"}}
{"logTime": "0827/200100", "correlationVector":"RPT3AVhJkY3qJUnvBESxXT.23","action":"GetUpdates", "result":"DeleteReceived", "context":{"id":"3f440c8c-5152-4db5-8b0e-ac0d06585d93", "isDeleted:":"true", "version":"1692618418820"}}
{"logTime": "0827/200100", "correlationVector":"RPT3AVhJkY3qJUnvBESxXT.24","action":"GetUpdates", "result":"DeleteReceived", "context":{"id":"52af19f9-5ef3-4b39-9098-a5c82caea03b", "isDeleted:":"true", "version":"1692619279633"}}
{"logTime": "0827/200101", "correlationVector":"RPT3AVhJkY3qJUnvBESxXT.25","action":"GetUpdates", "result":"DeleteReceived", "context":{"id":"2981c966-a4e1-469b-857a-ce513107a0cd", "isDeleted:":"true", "version":"1692622474967"}}
{"logTime": "0827/200101", "correlationVector":"RPT3AVhJkY3qJUnvBESxXT.26","action":"GetUpdates", "result":"DeleteReceived", "context":{"id":"ceb61b3a-61fd-49af-a6de-2314157e4e28", "isDeleted:":"true", "version":"1692624412217"}}
{"logTime": "0827/200101", "correlationVector":"RPT3AVhJkY3qJUnvBESxXT.27","action":"GetUpdates", "result":"DeleteReceived", "context":{"id":"025e4d64-80d3-4ac9-af5a-6f1639ed2a34", "isDeleted:":"true", "version":"1692690352591"}}
{"logTime": "0827/200101", "correlationVector":"RPT3AVhJkY3qJUnvBESxXT.28","action":"GetUpdates", "result":"DeleteReceived", "context":{"id":"1b67864e-8257-4801-99e2-b2690852c436", "isDeleted:":"true", "version":"1692692998197"}}
{"logTime": "0827/200101", "correlationVector":"RPT3AVhJkY3qJUnvBESxXT.29","action":"GetUpdates", "result":"DeleteReceived", "context":{"id":"790a593c-d319-4ecf-b27a-4adb00259d24", "isDeleted:":"true", "version":"1692693060378"}}
{"logTime": "0827/200101", "correlationVector":"RPT3AVhJkY3qJUnvBESxXT.30","action":"GetUpdates", "result":"DeleteReceived", "context":{"id":"7dd17e4e-d476-436c-9ec9-6b14da06f772", "isDeleted:":"true", "version":"1693069701259"}}
{"logTime": "0827/200101", "correlationVector":"RPT3AVhJkY3qJUnvBESxXT.31","action":"GetUpdates Response", "result":"SYNCER_OK", "context":Received 57 update(s). cV=RPT3AVhJkY3qJUnvBESxXT.0;server=general0100000G;cloudType=Consumer;environment=Prod_WestEurope_x00e;migrationStage=NotStarted}
{"logTime": "0827/200101", "correlationVector":"izjnjIAFkoLUcVEAxFPlCs","action":"Normal GetUpdate request", "result":"", "context":cV=izjnjIAFkoLUcVEAxFPlCs
Nudged types: Sessions, Device Info
Refresh requested types: Bookmarks, Preferences, Passwords, Autofill Profiles, Autofill, Autofill Custom Data, Typed URLs, Extensions, Sessions, Extension settings, History Delete Directives, Device Info, User Consents, Send Tab To Self, Web Apps, Collection, Edge E Drop, Encryption Keys}
{"logTime": "0827/200101", "correlationVector":"izjnjIAFkoLUcVEAxFPlCs.1","action":"SyncServerConnectionManagerRequest", "result":"SYNC_SERVER_OK", "context":{"environment":"Prod_WestEurope_x00e", "migrationStage":"NotStarted", "server":"GENERAL01000027"}}
{"logTime": "0827/200101", "correlationVector":"izjnjIAFkoLUcVEAxFPlCs.2","action":"GetUpdates Response", "result":"SYNCER_OK", "context":Received 0 update(s). cV=izjnjIAFkoLUcVEAxFPlCs.0;server=GENERAL01000027;cloudType=Consumer;environment=Prod_WestEurope_x00e;migrationStage=NotStarted}
{"logTime": "0827/200101", "correlationVector":"8cwSSXjfnI9K+vc6DxUj/Q","action":"Commit Request", "result":"", "context":Item count: 1
Contributing types: Device Info}
{"logTime": "0827/200101", "correlationVector":"8cwSSXjfnI9K+vc6DxUj/Q.1","action":"SyncServerConnectionManagerRequest", "result":"SYNC_SERVER_OK", "context":{"environment":"Prod_WestEurope_x00e", "migrationStage":"NotStarted", "server":"general0100001L"}}
{"logTime": "0827/200101", "correlationVector":"8cwSSXjfnI9K+vc6DxUj/Q.2","action":"Commit Response", "result":"SYNCER_OK", "context":Result: SYNCER_OK. cV=8cwSSXjfnI9K+vc6DxUj/Q.0;server=general0100001L;cloudType=Consumer;environment=Prod_WestEurope_x00e;migrationStage=NotStarted}
{"logTime": "0827/200101", "correlationVector":"rZMu25Lsd3AeYB+TluZD0J","action":"Commit Request", "result":"", "context":Item count: 2
Contributing types: Sessions}
{"logTime": "0827/200101", "correlationVector":"rZMu25Lsd3AeYB+TluZD0J.1","action":"SyncServerConnectionManagerRequest", "result":"SYNC_SERVER_OK", "context":{"environment":"Prod_WestEurope_x00e", "migrationStage":"NotStarted", "server":"GENERAL0100000Z"}}
{"logTime": "0827/200101", "correlationVector":"rZMu25Lsd3AeYB+TluZD0J.2","action":"Commit Response", "result":"SYNCER_OK", "context":Result: SYNCER_OK. cV=rZMu25Lsd3AeYB+TluZD0J.0;server=GENERAL0100000Z;cloudType=Consumer;environment=Prod_WestEurope_x00e;migrationStage=NotStarted}
{"logTime": "0827/200538", "correlationVector":"TJEJ1ZwpEXvn6oxkuaf+1+.0","action":"FeedSettingFetch_homeCloud", "result":"0", "context":{}}
{"logTime": "0827/200538", "correlationVector":"IbvnGG6W1ORbegBx1gtQvK.1","action":"SyncServerConnectionManagerRequest", "result":"SYNC_SERVER_OK", "context":{"environment":"Prod_WestEurope_000l", "migrationStage":"NotStarted", "server":"general0100000N"}}
{"logTime": "0827/200538", "correlationVector":"IbvnGG6W1ORbegBx1gtQvK","action":"Initial GetUpdates", "result":"", "context":Reason: NEW_CLIENT. cV=IbvnGG6W1ORbegBx1gtQvK}
{"logTime": "0827/200538", "correlationVector":"IbvnGG6W1ORbegBx1gtQvK.2","action":"GetUpdates Response", "result":"SYNCER_OK", "context":Received 1 update(s). cV=IbvnGG6W1ORbegBx1gtQvK.0;server=general0100000N;cloudType=Consumer;environment=Prod_WestEurope_000l;migrationStage=NotStarted}
{"logTime": "0827/200538", "correlationVector":"wWgp3njyMkNYXYQvoM4pCv","action":"Initial GetUpdates", "result":"", "context":Reason: NEWLY_SUPPORTED_DATATYPE. cV=wWgp3njyMkNYXYQvoM4pCv}
{"logTime": "0827/200538", "correlationVector":"wWgp3njyMkNYXYQvoM4pCv.1","action":"SyncServerConnectionManagerRequest", "result":"SYNC_SERVER_OK", "context":{"environment":"Prod_WestEurope_000l", "migrationStage":"NotStarted", "server":"general01000004"}}
{"logTime": "0827/200538", "correlationVector":"wWgp3njyMkNYXYQvoM4pCv.2","action":"GetUpdates Response", "result":"SYNCER_OK", "context":Received 1 update(s). cV=wWgp3njyMkNYXYQvoM4pCv.0;server=general01000004;cloudType=Consumer;environment=Prod_WestEurope_000l;migrationStage=NotStarted}
{"logTime": "0827/200538", "correlationVector":"WZaXfG3k+ofKMf7KXIOEzk","action":"Normal GetUpdate request", "result":"", "context":cV=WZaXfG3k+ofKMf7KXIOEzk
Nudged types: Sessions, User Consents
Refresh requested types: Bookmarks, Preferences, Passwords, Autofill Profiles, Autofill, Autofill Custom Data, Typed URLs, Extensions, Sessions, Extension settings, History Delete Directives, Device Info, User Consents, Send Tab To Self, Web Apps, Collection, Edge E Drop, Encryption Keys}
{"logTime": "0827/200538", "correlationVector":"WZaXfG3k+ofKMf7KXIOEzk.1","action":"SyncServerConnectionManagerRequest", "result":"SYNC_SERVER_OK", "context":{"environment":"Prod_WestEurope_000l", "migrationStage":"NotStarted", "server":"general0100000R"}}
{"logTime": "0827/200538", "correlationVector":"WZaXfG3k+ofKMf7KXIOEzk.2","action":"GetUpdates Response", "result":"SYNCER_OK", "context":Received 3 update(s). cV=WZaXfG3k+ofKMf7KXIOEzk.0;server=general0100000R;cloudType=Consumer;environment=Prod_WestEurope_000l;migrationStage=NotStarted}
{"logTime": "0827/200538", "correlationVector":"t5oPJ1lpuf4UuyuyHO9UxD","action":"Commit Request", "result":"", "context":Item count: 3
Contributing types: Sessions, User Consents}
{"logTime": "0827/200538", "correlationVector":"t5oPJ1lpuf4UuyuyHO9UxD.1","action":"SyncServerConnectionManagerRequest", "result":"SYNC_SERVER_OK", "context":{"environment":"Prod_WestEurope_000l", "migrationStage":"NotStarted", "server":"general01000023"}}
{"logTime": "0827/200538", "correlationVector":"t5oPJ1lpuf4UuyuyHO9UxD.3","action":"Commit.Sessions", "result":"Success", "context":{"id":"6a44a7aa-a1e6-4b9d-93c0-afdce9f89912", "isDeleted":"true", "size":"0", "version":"1693166460877"}}
{"logTime": "0827/200538", "correlationVector":"t5oPJ1lpuf4UuyuyHO9UxD.2","action":"Commit Response", "result":"SYNCER_OK", "context":Result: SYNCER_OK. cV=t5oPJ1lpuf4UuyuyHO9UxD.0;server=general01000023;cloudType=Consumer;environment=Prod_WestEurope_000l;migrationStage=NotStarted}
{"logTime": "0827/200541", "correlationVector":"1Vd2Kl2WrNsL0V8xZwLMB+","action":"SyncServerConnectionManagerRequest", "result":"SYNC_SERVER_OK", "context":{"environment":"", "migrationStage":"", "server":""}}
{"logTime": "0827/200541", "correlationVector":"FMilklaISw2A0nk3U8ZXKm","action":"Normal GetUpdate request", "result":"", "context":cV=FMilklaISw2A0nk3U8ZXKm
Nudged types: Preferences, Sessions}
{"logTime": "0827/200541", "correlationVector":"FMilklaISw2A0nk3U8ZXKm.1","action":"SyncServerConnectionManagerRequest", "result":"SYNC_SERVER_OK", "context":{"environment":"Prod_WestEurope_x00e", "migrationStage":"NotStarted", "server":"GENERAL01000004"}}
{"logTime": "0827/200541", "correlationVector":"FMilklaISw2A0nk3U8ZXKm.2","action":"GetUpdates", "result":"DeleteReceived", "context":{"id":"6a44a7aa-a1e6-4b9d-93c0-afdce9f89912", "isDeleted:":"true", "version":"1693166724459"}}
{"logTime": "0827/200541", "correlationVector":"FMilklaISw2A0nk3U8ZXKm.3","action":"GetUpdates Response", "result":"SYNCER_OK", "context":Received 2 update(s). cV=FMilklaISw2A0nk3U8ZXKm.0;server=GENERAL01000004;cloudType=Consumer;environment=Prod_WestEurope_x00e;migrationStage=NotStarted}
{"logTime": "0827/200541", "correlationVector":"LF/CcEUHici8zt533cfaJO","action":"Commit Request", "result":"", "context":Item count: 3
Contributing types: Preferences, Sessions}
{"logTime": "0827/200541", "correlationVector":"LF/CcEUHici8zt533cfaJO.1","action":"SyncServerConnectionManagerRequest", "result":"SYNC_SERVER_OK", "context":{"environment":"Prod_WestEurope_x00e", "migrationStage":"NotStarted", "server":"general01000025"}}
{"logTime": "0827/200541", "correlationVector":"LF/CcEUHici8zt533cfaJO.2","action":"Commit Response", "result":"SYNCER_OK", "context":Result: SYNCER_OK. cV=LF/CcEUHici8zt533cfaJO.0;server=general01000025;cloudType=Consumer;environment=Prod_WestEurope_x00e;migrationStage=NotStarted}
{"logTime": "0827/200541", "correlationVector":"+WvVAWXssgvze0leFBAUJs","action":"Normal GetUpdate request", "result":"", "context":cV=+WvVAWXssgvze0leFBAUJs
Nudged types: Preferences, Sessions
Refresh requested types: Bookmarks, Preferences, Passwords, Autofill Profiles, Autofill, Autofill Custom Data, Typed URLs, Extensions, Sessions, Extension settings, History Delete Directives, Device Info, User Consents, Send Tab To Self, Web Apps, Collection, Edge E Drop, Encryption Keys}
{"logTime": "0827/200542", "correlationVector":"+WvVAWXssgvze0leFBAUJs.1","action":"SyncServerConnectionManagerRequest", "result":"SYNC_SERVER_OK", "context":{"environment":"Prod_WestEurope_x00e", "migrationStage":"NotStarted", "server":"GENERAL0100001M"}}
{"logTime": "0827/200542", "correlationVector":"+WvVAWXssgvze0leFBAUJs.2","action":"GetUpdates Response", "result":"SYNCER_OK", "context":Received 3 update(s). cV=+WvVAWXssgvze0leFBAUJs.0;server=GENERAL0100001M;cloudType=Consumer;environment=Prod_WestEurope_x00e;migrationStage=NotStarted}
{"logTime": "0827/200543", "correlationVector":"QyBIWH+jYGV4LgzNvgXpWK","action":"Commit Request", "result":"", "context":Item count: 1
Contributing types: Sessions}
{"logTime": "0827/200543", "correlationVector":"QyBIWH+jYGV4LgzNvgXpWK.1","action":"SyncServerConnectionManagerRequest", "result":"SYNC_SERVER_OK", "context":{"environment":"Prod_WestEurope_x00e", "migrationStage":"NotStarted", "server":"GENERAL0100000Q"}}
{"logTime": "0827/200543", "correlationVector":"QyBIWH+jYGV4LgzNvgXpWK.2","action":"Commit Response", "result":"SYNCER_OK", "context":Result: SYNCER_OK. cV=QyBIWH+jYGV4LgzNvgXpWK.0;server=GENERAL0100000Q;cloudType=Consumer;environment=Prod_WestEurope_x00e;migrationStage=NotStarted}
{"logTime": "0827/200628", "correlationVector":"FX1WyEkXYYJ/7PQJEJhNBV","action":"Commit Request", "result":"", "context":Item count: 1
Contributing types: Sessions}
{"logTime": "0827/200628", "correlationVector":"FX1WyEkXYYJ/7PQJEJhNBV.1","action":"SyncServerConnectionManagerRequest", "result":"SYNC_SERVER_OK", "context":{"environment":"Prod_WestEurope_x00e", "migrationStage":"NotStarted", "server":"GENERAL0100001E"}}
{"logTime": "0827/200628", "correlationVector":"FX1WyEkXYYJ/7PQJEJhNBV.2","action":"Commit Response", "result":"SYNCER_OK", "context":Result: SYNCER_OK. cV=FX1WyEkXYYJ/7PQJEJhNBV.0;server=GENERAL0100001E;cloudType=Consumer;environment=Prod_WestEurope_x00e;migrationStage=NotStarted}
{"logTime": "0827/200744", "correlationVector":"eJDcT9Nxtbomhoz4I6ACUN","action":"Commit Request", "result":"", "context":Item count: 1
Contributing types: Sessions}
{"logTime": "0827/200744", "correlationVector":"eJDcT9Nxtbomhoz4I6ACUN.1","action":"SyncServerConnectionManagerRequest", "result":"SYNC_SERVER_OK", "context":{"environment":"Prod_WestEurope_x00e", "migrationStage":"NotStarted", "server":"general0100000G"}}
{"logTime": "0827/200744", "correlationVector":"eJDcT9Nxtbomhoz4I6ACUN.2","action":"Commit Response", "result":"SYNCER_OK", "context":Result: SYNCER_OK. cV=eJDcT9Nxtbomhoz4I6ACUN.0;server=general0100000G;cloudType=Consumer;environment=Prod_WestEurope_x00e;migrationStage=NotStarted}
{"logTime": "0828/120712", "correlationVector":"DbnUlrrXT/L//ebJnURSDn.0","action":"FeedSettingFetch_homeCloud", "result":"0", "context":{}}
{"logTime": "0828/120712", "correlationVector":"DbnUlrrXT/L//ebJnURSDn.0","action":"SyncServerConnectionManagerRequest", "result":"SYNC_SERVER_OK", "context":{"environment":"", "migrationStage":"", "server":""}}
{"logTime": "0828/120712", "correlationVector":"rYXzffkTTgIojd4pL1Y7Nm.1","action":"SyncServerConnectionManagerRequest", "result":"SYNC_SERVER_OK", "context":{"environment":"Prod_NorthEurope_000h", "migrationStage":"NotStarted", "server":"general0100001Z"}}
{"logTime": "0828/120712", "correlationVector":"rYXzffkTTgIojd4pL1Y7Nm","action":"Initial GetUpdates", "result":"", "context":Reason: NEW_CLIENT. cV=rYXzffkTTgIojd4pL1Y7Nm}
{"logTime": "0828/120712", "correlationVector":"rYXzffkTTgIojd4pL1Y7Nm.2","action":"GetUpdates Response", "result":"SYNCER_OK", "context":Received 1 update(s). cV=rYXzffkTTgIojd4pL1Y7Nm.0;server=general0100001Z;cloudType=Consumer;environment=Prod_NorthEurope_000h;migrationStage=NotStarted}
{"logTime": "0828/120712", "correlationVector":"51YILxjKPsetvRNXFAQuL7","action":"Initial GetUpdates", "result":"", "context":Reason: NEWLY_SUPPORTED_DATATYPE. cV=51YILxjKPsetvRNXFAQuL7}
{"logTime": "0828/120712", "correlationVector":"51YILxjKPsetvRNXFAQuL7.1","action":"SyncServerConnectionManagerRequest", "result":"SYNC_SERVER_OK", "context":{"environment":"Prod_WestEurope_000l", "migrationStage":"NotStarted", "server":"general01000011"}}
{"logTime": "0828/120712", "correlationVector":"51YILxjKPsetvRNXFAQuL7.2","action":"GetUpdates Response", "result":"SYNCER_OK", "context":Received 1 update(s). cV=51YILxjKPsetvRNXFAQuL7.0;server=general01000011;cloudType=Consumer;environment=Prod_WestEurope_000l;migrationStage=NotStarted}
{"logTime": "0828/120712", "correlationVector":"gqN3Tbe3eW+P+T2JrPzara","action":"Normal GetUpdate request", "result":"", "context":cV=gqN3Tbe3eW+P+T2JrPzara
Nudged types: Sessions, User Consents
Refresh requested types: Bookmarks, Preferences, Passwords, Autofill Profiles, Autofill, Autofill Custom Data, Typed URLs, Extensions, Sessions, Extension settings, History Delete Directives, Device Info, User Consents, Send Tab To Self, Web Apps, Collection, Edge E Drop, Encryption Keys}
{"logTime": "0828/120712", "correlationVector":"gqN3Tbe3eW+P+T2JrPzara.1","action":"SyncServerConnectionManagerRequest", "result":"SYNC_SERVER_OK", "context":{"environment":"Prod_WestEurope_000l", "migrationStage":"NotStarted", "server":"general0100000Q"}}
{"logTime": "0828/120712", "correlationVector":"gqN3Tbe3eW+P+T2JrPzara.2","action":"GetUpdates Response", "result":"SYNCER_OK", "context":Received 1 update(s). cV=gqN3Tbe3eW+P+T2JrPzara.0;server=general0100000Q;cloudType=Consumer;environment=Prod_WestEurope_000l;migrationStage=NotStarted}
{"logTime": "0828/120712", "correlationVector":"L5SZOe68K5p7nMYZEnp+F1","action":"Commit Request", "result":"", "context":Item count: 6
Contributing types: Sessions, User Consents}
{"logTime": "0828/120713", "correlationVector":"L5SZOe68K5p7nMYZEnp+F1.1","action":"SyncServerConnectionManagerRequest", "result":"SYNC_SERVER_OK", "context":{"environment":"Prod_WestEurope_000l", "migrationStage":"NotStarted", "server":"general0100000L"}}
{"logTime": "0828/120713", "correlationVector":"L5SZOe68K5p7nMYZEnp+F1.2","action":"Commit Response", "result":"SYNCER_OK", "context":Result: SYNCER_OK. cV=L5SZOe68K5p7nMYZEnp+F1.0;server=general0100000L;cloudType=Consumer;environment=Prod_WestEurope_000l;migrationStage=NotStarted}
{"logTime": "0828/120713", "correlationVector":"L5SZOe68K5p7nMYZEnp+F1.3","action":"Commit.Sessions", "result":"Success", "context":{"id":"e354ac69-680a-4e64-8708-7710a0d26f2e", "isDeleted":"true", "size":"0", "version":"1692002262307"}}
{"logTime": "0828/120713", "correlationVector":"L5SZOe68K5p7nMYZEnp+F1.4","action":"Commit.Sessions", "result":"Success", "context":{"id":"119b9626-ecd0-4eb4-a9ae-c814de379aff", "isDeleted":"true", "size":"0", "version":"1693166863719"}}
{"logTime": "0828/120713", "correlationVector":"L5SZOe68K5p7nMYZEnp+F1.5","action":"Commit.Sessions", "result":"Success", "context":{"id":"9f922482-0240-43bf-9cd2-66df9ed225b0", "isDeleted":"true", "size":"0", "version":"1692002296478"}}
{"logTime": "0828/120713", "correlationVector":"tciOqCZ0BbmyfK5CFXbYwr","action":"Poll GetUpdate request", "result":"", "context":cV=tciOqCZ0BbmyfK5CFXbYwr}
{"logTime": "0828/120713", "correlationVector":"tciOqCZ0BbmyfK5CFXbYwr.1","action":"SyncServerConnectionManagerRequest", "result":"SYNC_SERVER_OK", "context":{"environment":"Prod_NorthEurope_000h", "migrationStage":"NotStarted", "server":"general01000027"}}
{"logTime": "0828/120713", "correlationVector":"tciOqCZ0BbmyfK5CFXbYwr.2","action":"GetUpdates", "result":"DeleteReceived", "context":{"id":"e354ac69-680a-4e64-8708-7710a0d26f2e", "isDeleted:":"true", "version":"1693224376849"}}
{"logTime": "0828/120713", "correlationVector":"tciOqCZ0BbmyfK5CFXbYwr.3","action":"GetUpdates", "result":"DeleteReceived", "context":{"id":"119b9626-ecd0-4eb4-a9ae-c814de379aff", "isDeleted:":"true", "version":"1693224376850"}}
{"logTime": "0828/120713", "correlationVector":"tciOqCZ0BbmyfK5CFXbYwr.4","action":"GetUpdates", "result":"DeleteReceived", "context":{"id":"9f922482-0240-43bf-9cd2-66df9ed225b0", "isDeleted:":"true", "version":"1693224376851"}}
{"logTime": "0828/120713", "correlationVector":"tciOqCZ0BbmyfK5CFXbYwr.5","action":"GetUpdates Response", "result":"SYNCER_OK", "context":Received 5 update(s). cV=tciOqCZ0BbmyfK5CFXbYwr.0;server=general01000027;cloudType=Consumer;environment=Prod_NorthEurope_000h;migrationStage=NotStarted}
{"logTime": "0828/120713", "correlationVector":"RsCKQS43SgofL5Wr1RKMUA","action":"Normal GetUpdate request", "result":"", "context":cV=RsCKQS43SgofL5Wr1RKMUA
Nudged types: Sessions}
{"logTime": "0828/120713", "correlationVector":"RsCKQS43SgofL5Wr1RKMUA.1","action":"SyncServerConnectionManagerRequest", "result":"SYNC_SERVER_OK", "context":{"environment":"Prod_WestEurope_x00e", "migrationStage":"NotStarted", "server":"GENERAL0100000Z"}}
{"logTime": "0828/120713", "correlationVector":"RsCKQS43SgofL5Wr1RKMUA.2","action":"GetUpdates Response", "result":"SYNCER_OK", "context":Received 0 update(s). cV=RsCKQS43SgofL5Wr1RKMUA.0;server=GENERAL0100000Z;cloudType=Consumer;environment=Prod_WestEurope_x00e;migrationStage=NotStarted}
{"logTime": "0828/120713", "correlationVector":"EZt6TmeGLcbU/++2cJI+0g","action":"Commit Request", "result":"", "context":Item count: 1
Contributing types: Sessions}
{"logTime": "0828/120713", "correlationVector":"EZt6TmeGLcbU/++2cJI+0g.1","action":"SyncServerConnectionManagerRequest", "result":"SYNC_SERVER_OK", "context":{"environment":"Prod_WestEurope_x00e", "migrationStage":"NotStarted", "server":"GENERAL01000016"}}
{"logTime": "0828/120713", "correlationVector":"EZt6TmeGLcbU/++2cJI+0g.2","action":"Commit Response", "result":"SYNCER_OK", "context":Result: SYNCER_OK. cV=EZt6TmeGLcbU/++2cJI+0g.0;server=GENERAL01000016;cloudType=Consumer;environment=Prod_WestEurope_x00e;migrationStage=NotStarted}
{"logTime": "0828/120714", "correlationVector":"gh44TTIGhS4CeEpCbmhNwt","action":"Normal GetUpdate request", "result":"", "context":cV=gh44TTIGhS4CeEpCbmhNwt
Nudged types: Preferences, Sessions}
{"logTime": "0828/120715", "correlationVector":"gh44TTIGhS4CeEpCbmhNwt.1","action":"SyncServerConnectionManagerRequest", "result":"SYNC_SERVER_OK", "context":{"environment":"Prod_WestEurope_x00e", "migrationStage":"NotStarted", "server":"GENERAL0100001N"}}
{"logTime": "0828/120715", "correlationVector":"gh44TTIGhS4CeEpCbmhNwt.2","action":"GetUpdates Response", "result":"SYNCER_OK", "context":Received 1 update(s). cV=gh44TTIGhS4CeEpCbmhNwt.0;server=GENERAL0100001N;cloudType=Consumer;environment=Prod_WestEurope_x00e;migrationStage=NotStarted}
{"logTime": "0828/120715", "correlationVector":"KObjdOtaktGkbOs0qzWyOU","action":"Commit Request", "result":"", "context":Item count: 1
Contributing types: Preferences}
{"logTime": "0828/120715", "correlationVector":"KObjdOtaktGkbOs0qzWyOU.1","action":"SyncServerConnectionManagerRequest", "result":"SYNC_SERVER_OK", "context":{"environment":"Prod_WestEurope_x00e", "migrationStage":"NotStarted", "server":"GENERAL0100000Z"}}
{"logTime": "0828/120715", "correlationVector":"KObjdOtaktGkbOs0qzWyOU.2","action":"Commit Response", "result":"SYNCER_OK", "context":Result: SYNCER_OK. cV=KObjdOtaktGkbOs0qzWyOU.0;server=GENERAL0100000Z;cloudType=Consumer;environment=Prod_WestEurope_x00e;migrationStage=NotStarted}
